0 info it worked if it ends with ok
1 verbose cli [ '/Users/son/.nvm/v0.12.4/bin/node',
1 verbose cli   '/Users/son/.nvm/v0.12.4/bin/npm',
1 verbose cli   'run',
1 verbose cli   'lint' ]
2 info using npm@2.10.1
3 info using node@v0.12.4
4 verbose stack Error: ENOENT, open '/Users/son/Desktop/udacity/frontend-nanodegree-arcade-game/package.json'
4 verbose stack     at Error (native)
5 verbose cwd /Users/son/Desktop/udacity/frontend-nanodegree-arcade-game
6 error Darwin 14.5.0
7 error argv "/Users/son/.nvm/v0.12.4/bin/node" "/Users/son/.nvm/v0.12.4/bin/npm" "run" "lint"
8 error node v0.12.4
9 error npm  v2.10.1
10 error path /Users/son/Desktop/udacity/frontend-nanodegree-arcade-game/package.json
11 error code ENOENT
12 error errno -2
13 error enoent ENOENT, open '/Users/son/Desktop/udacity/frontend-nanodegree-arcade-game/package.json'
13 error enoent This is most likely not a problem with npm itself
13 error enoent and is related to npm not being able to find a file.
14 verbose exit [ -2, true ]
